<?xml version="1.0" encoding="UTF-8" ?>
<testsuite tests="42" failures="6" name="runner.testRunner" time="5.236" errors="2" skipped="2">
  <properties>
[...]
</properties>
  <testcase classname="| homo1 | Hogar y Electrodomésticos | Climatización |" name="Given El Usuario ingresa al sitio de MercadoLibre &quot;https://www.mercadolibre.com.ar/&quot;" time="0.001"/>
  <testcase classname="| homo1 | Hogar y Electrodomésticos | Climatización |" name="And El Usuario desplega el menu Categorias haciend clic y se visualiza el submenu" time="0"/>
  <testcase classname="| homo1 | Hogar y Electrodomésticos | Climatización |" name="And El Usuario hace clic en el submenu &quot;Hogar y Electrodomésticos&quot; y visualiza el desplegable" time="0"/>
  <testcase classname="| homo1 | Hogar y Electrodomésticos | Climatización |" name="And El Usuario hace clic en el deplegable &quot;Climatización&quot; y visauliza la categoria solicitada" time="0"/>
  <testcase classname="| homo1 | Hogar y Electrodomésticos | Climatización |" name="And El Usuario selecciona la ubicacion Capital Federal para filtar la busqueda por region" time="0"/>
  <testcase classname="| homo1 | Hogar y Electrodomésticos | Climatización |" name="And Finalmente el Usuario selecciona una publicacion y visualiza su detalle" time="0"/>
  <testcase classname="| homo1 | Hogar y Electrodomésticos | Climatización |" name="| homo1 | Hogar y Electrodomésticos | Climatización |" time="2.613"/>
  <testcase classname="| homo1 | Tecnología | Celulares y Smartphones |" name="Given El Usuario ingresa al sitio de MercadoLibre &quot;https://www.mercadolibre.com.ar/&quot;" time="0"/>
  <testcase classname="| homo1 | Tecnología | Celulares y Smartphones |" name="And El Usuario desplega el menu Categorias haciend clic y se visualiza el submenu" time="0"/>
  <testcase classname="| homo1 | Tecnología | Celulares y Smartphones |" name="And El Usuario hace clic en el submenu &quot;Tecnología&quot; y visualiza el desplegable" time="0"/>
  <testcase classname="| homo1 | Tecnología | Celulares y Smartphones |" name="And El Usuario hace clic en el deplegable &quot;Celulares y Smartphones&quot; y visauliza la categoria solicitada" time="0"/>
  <testcase classname="| homo1 | Tecnología | Celulares y Smartphones |" name="And El Usuario selecciona la ubicacion Capital Federal para filtar la busqueda por region" time="0"/>
  <testcase classname="| homo1 | Tecnología | Celulares y Smartphones |" name="And Finalmente el Usuario selecciona una publicacion y visualiza su detalle" time="0.002">
    <error message="no such element: Unable to locate element: {&quot;method&quot;:&quot;css selector&quot;,&quot;selector&quot;:&quot;.item\-title__primary&quot;}
  (Session info: chrome=76.0.3809.132)
For documentation on this error, please visit: https://www.seleniumhq.org/exceptions/no_such_element.html
Build info: version: &apos;3.141.59&apos;, revision: &apos;e82be7d358&apos;, time: &apos;2018-11-14T08:17:03&apos;
System info: host: &apos;DESKTOP-J587MH3&apos;, ip: &apos;192.168.0.56&apos;, os.name: &apos;Windows 10&apos;, os.arch: &apos;amd64&apos;, os.version: &apos;10.0&apos;, java.version: &apos;1.8.0_221&apos;
Driver info: org.openqa.selenium.chrome.ChromeDriver
Capabilities {acceptInsecureCerts: false, browserName: chrome, browserVersion: 76.0.3809.132, chrome: {chromedriverVersion: 76.0.3809.126 (d80a294506b4..., userDataDir: C:\Users\levia\AppData\Loca...}, goog:chromeOptions: {debuggerAddress: localhost:52590}, javascriptEnabled: true, networkConnectionEnabled: false, pageLoadStrategy: normal, platform: XP, platformName: XP, proxy: Proxy(), setWindowRect: true, strictFileInteractability: false, timeouts: {implicit: 0, pageLoad: 300000, script: 30000}, unhandledPromptBehavior: dismiss and notify}
Session ID: bd323d9a949649bacaadcf08ccf5152f
*** Element info: {Using=class name, value=item-title__primary}" type="org.openqa.selenium.NoSuchElementException">org.openqa.selenium.NoSuchElementException: no such element: Unable to locate element: {&quot;method&quot;:&quot;css selector&quot;,&quot;selector&quot;:&quot;.item\-title__primary&quot;}
  (Session info: chrome=76.0.3809.132)
For documentation on this error, please visit: https://www.seleniumhq.org/exceptions/no_such_element.html
Build info: version: &apos;3.141.59&apos;, revision: &apos;e82be7d358&apos;, time: &apos;2018-11-14T08:17:03&apos;
System info: host: &apos;DESKTOP-J587MH3&apos;, ip: &apos;192.168.0.56&apos;, os.name: &apos;Windows 10&apos;, os.arch: &apos;amd64&apos;, os.version: &apos;10.0&apos;, java.version: &apos;1.8.0_221&apos;
Driver info: org.openqa.selenium.chrome.ChromeDriver
Capabilities {acceptInsecureCerts: false, browserName: chrome, browserVersion: 76.0.3809.132, chrome: {chromedriverVersion: 76.0.3809.126 (d80a294506b4..., userDataDir: C:\Users\levia\AppData\Loca...}, goog:chromeOptions: {debuggerAddress: localhost:52590}, javascriptEnabled: true, networkConnectionEnabled: false, pageLoadStrategy: normal, platform: XP, platformName: XP, proxy: Proxy(), setWindowRect: true, strictFileInteractability: false, timeouts: {implicit: 0, pageLoad: 300000, script: 30000}, unhandledPromptBehavior: dismiss and notify}
Session ID: bd323d9a949649bacaadcf08ccf5152f
*** Element info: {Using=class name, value=item-title__primary}
	at sun.reflect.NativeConstructorAccessorImpl.newInstance0(Native Method)
	at sun.reflect.NativeConstructorAccessorImpl.newInstance(NativeConstructorAccessorImpl.java:62)
	at sun.reflect.DelegatingConstructorAccessorImpl.newInstance(DelegatingConstructorAccessorImpl.java:45)
	at java.lang.reflect.Constructor.newInstance(Constructor.java:423)
	at org.openqa.selenium.remote.http.W3CHttpResponseCodec.createException(W3CHttpResponseCodec.java:187)
	at org.openqa.selenium.remote.http.W3CHttpResponseCodec.decode(W3CHttpResponseCodec.java:122)
	at org.openqa.selenium.remote.http.W3CHttpResponseCodec.decode(W3CHttpResponseCodec.java:49)
	at org.openqa.selenium.remote.HttpCommandExecutor.execute(HttpCommandExecutor.java:158)
	at org.openqa.selenium.remote.service.DriverCommandExecutor.execute(DriverCommandExecutor.java:83)
	at org.openqa.selenium.remote.RemoteWebDriver.execute(RemoteWebDriver.java:552)
	at org.openqa.selenium.remote.RemoteWebDriver.findElement(RemoteWebDriver.java:323)
	at org.openqa.selenium.remote.RemoteWebDriver.findElementByClassName(RemoteWebDriver.java:412)
	at org.openqa.selenium.By$ByClassName.findElement(By.java:389)
	at org.openqa.selenium.remote.RemoteWebDriver.findElement(RemoteWebDriver.java:315)
	at stepDefinition.testStep.finalmente_el_Usuario_selecciona_una_publicacion_y_visualiza_su_detalle(testStep.java:137)
	at ✽.And Finalmente el Usuario selecciona una publicacion y visualiza su detalle(./Features/FeatureTest01.feature:10)
</error>
  </testcase>
  <testcase classname="| homo1 | Tecnología | Celulares y Smartphones |" name="| homo1 | Tecnología | Celulares y Smartphones |" time="0.003">
    <error message="no such element: Unable to locate element: {&quot;method&quot;:&quot;css selector&quot;,&quot;selector&quot;:&quot;.item\-title__primary&quot;}
  (Session info: chrome=76.0.3809.132)
For documentation on this error, please visit: https://www.seleniumhq.org/exceptions/no_such_element.html
Build info: version: &apos;3.141.59&apos;, revision: &apos;e82be7d358&apos;, time: &apos;2018-11-14T08:17:03&apos;
System info: host: &apos;DESKTOP-J587MH3&apos;, ip: &apos;192.168.0.56&apos;, os.name: &apos;Windows 10&apos;, os.arch: &apos;amd64&apos;, os.version: &apos;10.0&apos;, java.version: &apos;1.8.0_221&apos;
Driver info: org.openqa.selenium.chrome.ChromeDriver
Capabilities {acceptInsecureCerts: false, browserName: chrome, browserVersion: 76.0.3809.132, chrome: {chromedriverVersion: 76.0.3809.126 (d80a294506b4..., userDataDir: C:\Users\levia\AppData\Loca...}, goog:chromeOptions: {debuggerAddress: localhost:52590}, javascriptEnabled: true, networkConnectionEnabled: false, pageLoadStrategy: normal, platform: XP, platformName: XP, proxy: Proxy(), setWindowRect: true, strictFileInteractability: false, timeouts: {implicit: 0, pageLoad: 300000, script: 30000}, unhandledPromptBehavior: dismiss and notify}
Session ID: bd323d9a949649bacaadcf08ccf5152f
*** Element info: {Using=class name, value=item-title__primary}" type="org.openqa.selenium.NoSuchElementException">org.openqa.selenium.NoSuchElementException: no such element: Unable to locate element: {&quot;method&quot;:&quot;css selector&quot;,&quot;selector&quot;:&quot;.item\-title__primary&quot;}
  (Session info: chrome=76.0.3809.132)
For documentation on this error, please visit: https://www.seleniumhq.org/exceptions/no_such_element.html
Build info: version: &apos;3.141.59&apos;, revision: &apos;e82be7d358&apos;, time: &apos;2018-11-14T08:17:03&apos;
System info: host: &apos;DESKTOP-J587MH3&apos;, ip: &apos;192.168.0.56&apos;, os.name: &apos;Windows 10&apos;, os.arch: &apos;amd64&apos;, os.version: &apos;10.0&apos;, java.version: &apos;1.8.0_221&apos;
Driver info: org.openqa.selenium.chrome.ChromeDriver
Capabilities {acceptInsecureCerts: false, browserName: chrome, browserVersion: 76.0.3809.132, chrome: {chromedriverVersion: 76.0.3809.126 (d80a294506b4..., userDataDir: C:\Users\levia\AppData\Loca...}, goog:chromeOptions: {debuggerAddress: localhost:52590}, javascriptEnabled: true, networkConnectionEnabled: false, pageLoadStrategy: normal, platform: XP, platformName: XP, proxy: Proxy(), setWindowRect: true, strictFileInteractability: false, timeouts: {implicit: 0, pageLoad: 300000, script: 30000}, unhandledPromptBehavior: dismiss and notify}
Session ID: bd323d9a949649bacaadcf08ccf5152f
*** Element info: {Using=class name, value=item-title__primary}
	at sun.reflect.NativeConstructorAccessorImpl.newInstance0(Native Method)
	at sun.reflect.NativeConstructorAccessorImpl.newInstance(NativeConstructorAccessorImpl.java:62)
	at sun.reflect.DelegatingConstructorAccessorImpl.newInstance(DelegatingConstructorAccessorImpl.java:45)
	at java.lang.reflect.Constructor.newInstance(Constructor.java:423)
	at org.openqa.selenium.remote.http.W3CHttpResponseCodec.createException(W3CHttpResponseCodec.java:187)
	at org.openqa.selenium.remote.http.W3CHttpResponseCodec.decode(W3CHttpResponseCodec.java:122)
	at org.openqa.selenium.remote.http.W3CHttpResponseCodec.decode(W3CHttpResponseCodec.java:49)
	at org.openqa.selenium.remote.HttpCommandExecutor.execute(HttpCommandExecutor.java:158)
	at org.openqa.selenium.remote.service.DriverCommandExecutor.execute(DriverCommandExecutor.java:83)
	at org.openqa.selenium.remote.RemoteWebDriver.execute(RemoteWebDriver.java:552)
	at org.openqa.selenium.remote.RemoteWebDriver.findElement(RemoteWebDriver.java:323)
	at org.openqa.selenium.remote.RemoteWebDriver.findElementByClassName(RemoteWebDriver.java:412)
	at org.openqa.selenium.By$ByClassName.findElement(By.java:389)
	at org.openqa.selenium.remote.RemoteWebDriver.findElement(RemoteWebDriver.java:315)
	at stepDefinition.testStep.finalmente_el_Usuario_selecciona_una_publicacion_y_visualiza_su_detalle(testStep.java:137)
	at ✽.And Finalmente el Usuario selecciona una publicacion y visualiza su detalle(./Features/FeatureTest01.feature:10)
</error>
  </testcase>
  <testcase classname="| homo1 | Deportes y Aire Libre | Bicicletas |" name="Given El Usuario ingresa al sitio de MercadoLibre &quot;https://www.mercadolibre.com.ar/&quot;" time="0"/>
  <testcase classname="| homo1 | Deportes y Aire Libre | Bicicletas |" name="And El Usuario desplega el menu Categorias haciend clic y se visualiza el submenu" time="0"/>
  <testcase classname="| homo1 | Deportes y Aire Libre | Bicicletas |" name="And El Usuario hace clic en el submenu &quot;Deportes y Aire Libre&quot; y visualiza el desplegable" time="0"/>
  <testcase classname="| homo1 | Deportes y Aire Libre | Bicicletas |" name="And El Usuario hace clic en el deplegable &quot;Bicicletas&quot; y visauliza la categoria solicitada" time="0"/>
  <testcase classname="| homo1 | Deportes y Aire Libre | Bicicletas |" name="And El Usuario selecciona la ubicacion Capital Federal para filtar la busqueda por region" time="0"/>
  <testcase classname="| homo1 | Deportes y Aire Libre | Bicicletas |" name="And Finalmente el Usuario selecciona una publicacion y visualiza su detalle" time="0">
    <failure message="El precio del producto seleccionado no es el esperado expected:&lt;1[0.7]99&gt; but was:&lt;1[7.9]99&gt;" type="junit.framework.ComparisonFailure">junit.framework.ComparisonFailure: El precio del producto seleccionado no es el esperado expected:&lt;1[0.7]99&gt; but was:&lt;1[7.9]99&gt;
	at junit.framework.Assert.assertEquals(Assert.java:100)
	at stepDefinition.testStep.finalmente_el_Usuario_selecciona_una_publicacion_y_visualiza_su_detalle(testStep.java:141)
	at ✽.And Finalmente el Usuario selecciona una publicacion y visualiza su detalle(./Features/FeatureTest01.feature:10)
</failure>
  </testcase>
  <testcase classname="| homo1 | Deportes y Aire Libre | Bicicletas |" name="| homo1 | Deportes y Aire Libre | Bicicletas |" time="0">
    <failure message="El precio del producto seleccionado no es el esperado expected:&lt;1[0.7]99&gt; but was:&lt;1[7.9]99&gt;" type="junit.framework.ComparisonFailure">junit.framework.ComparisonFailure: El precio del producto seleccionado no es el esperado expected:&lt;1[0.7]99&gt; but was:&lt;1[7.9]99&gt;
	at junit.framework.Assert.assertEquals(Assert.java:100)
	at stepDefinition.testStep.finalmente_el_Usuario_selecciona_una_publicacion_y_visualiza_su_detalle(testStep.java:141)
	at ✽.And Finalmente el Usuario selecciona una publicacion y visualiza su detalle(./Features/FeatureTest01.feature:10)
</failure>
  </testcase>
  <testcase classname="| homo1 | Herramientas e Industria | Industria Textil |" name="Given El Usuario ingresa al sitio de MercadoLibre &quot;https://www.mercadolibre.com.ar/&quot;" time="0"/>
  <testcase classname="| homo1 | Herramientas e Industria | Industria Textil |" name="And El Usuario desplega el menu Categorias haciend clic y se visualiza el submenu" time="0"/>
  <testcase classname="| homo1 | Herramientas e Industria | Industria Textil |" name="And El Usuario hace clic en el submenu &quot;Herramientas e Industria&quot; y visualiza el desplegable" time="0"/>
  <testcase classname="| homo1 | Herramientas e Industria | Industria Textil |" name="And El Usuario hace clic en el deplegable &quot;Industria Textil&quot; y visauliza la categoria solicitada" time="0"/>
  <testcase classname="| homo1 | Herramientas e Industria | Industria Textil |" name="And El Usuario selecciona la ubicacion Capital Federal para filtar la busqueda por region" time="0"/>
  <testcase classname="| homo1 | Herramientas e Industria | Industria Textil |" name="And Finalmente el Usuario selecciona una publicacion y visualiza su detalle" time="0"/>
  <testcase classname="| homo1 | Herramientas e Industria | Industria Textil |" name="| homo1 | Herramientas e Industria | Industria Textil |" time="2.614"/>
  <testcase classname="| homo1 | Juguetes y Bebés | Cuarto del Bebé |" name="Given El Usuario ingresa al sitio de MercadoLibre &quot;https://www.mercadolibre.com.ar/&quot;" time="0"/>
  <testcase classname="| homo1 | Juguetes y Bebés | Cuarto del Bebé |" name="And El Usuario desplega el menu Categorias haciend clic y se visualiza el submenu" time="0"/>
  <testcase classname="| homo1 | Juguetes y Bebés | Cuarto del Bebé |" name="And El Usuario hace clic en el submenu &quot;Juguetes y Bebés&quot; y visualiza el desplegable" time="0"/>
  <testcase classname="| homo1 | Juguetes y Bebés | Cuarto del Bebé |" name="And El Usuario hace clic en el deplegable &quot;Cuarto del Bebé&quot; y visauliza la categoria solicitada" time="0"/>
  <testcase classname="| homo1 | Juguetes y Bebés | Cuarto del Bebé |" name="And El Usuario selecciona la ubicacion Capital Federal para filtar la busqueda por region" time="0"/>
  <testcase classname="| homo1 | Juguetes y Bebés | Cuarto del Bebé |" name="And Finalmente el Usuario selecciona una publicacion y visualiza su detalle" time="0">
    <failure message="El precio del producto seleccionado no es el esperado expected:&lt;[7.499]&gt; but was:&lt;[10.124]&gt;" type="junit.framework.ComparisonFailure">junit.framework.ComparisonFailure: El precio del producto seleccionado no es el esperado expected:&lt;[7.499]&gt; but was:&lt;[10.124]&gt;
	at junit.framework.Assert.assertEquals(Assert.java:100)
	at stepDefinition.testStep.finalmente_el_Usuario_selecciona_una_publicacion_y_visualiza_su_detalle(testStep.java:141)
	at ✽.And Finalmente el Usuario selecciona una publicacion y visualiza su detalle(./Features/FeatureTest01.feature:10)
</failure>
  </testcase>
  <testcase classname="| homo1 | Juguetes y Bebés | Cuarto del Bebé |" name="| homo1 | Juguetes y Bebés | Cuarto del Bebé |" time="0.001">
    <failure message="El precio del producto seleccionado no es el esperado expected:&lt;[7.499]&gt; but was:&lt;[10.124]&gt;" type="junit.framework.ComparisonFailure">junit.framework.ComparisonFailure: El precio del producto seleccionado no es el esperado expected:&lt;[7.499]&gt; but was:&lt;[10.124]&gt;
	at junit.framework.Assert.assertEquals(Assert.java:100)
	at stepDefinition.testStep.finalmente_el_Usuario_selecciona_una_publicacion_y_visualiza_su_detalle(testStep.java:141)
	at ✽.And Finalmente el Usuario selecciona una publicacion y visualiza su detalle(./Features/FeatureTest01.feature:10)
</failure>
  </testcase>
  <testcase classname="| homo1 | Libros | Historia |" name="Given El Usuario ingresa al sitio de MercadoLibre &quot;https://www.mercadolibre.com.ar/&quot;" time="0"/>
  <testcase classname="| homo1 | Libros | Historia |" name="And El Usuario desplega el menu Categorias haciend clic y se visualiza el submenu" time="0"/>
  <testcase classname="| homo1 | Libros | Historia |" name="And El Usuario hace clic en el submenu &quot;Libros&quot; y visualiza el desplegable" time="0"/>
  <testcase classname="| homo1 | Libros | Historia |" name="And El Usuario hace clic en el deplegable &quot;Historia&quot; y visauliza la categoria solicitada" time="0">
    <failure message="El parametro de busqueda no es el esperado expected:&lt;[]Historia&gt; but was:&lt;[Libros de Ciencias Sociales ]Historia&gt;" type="junit.framework.ComparisonFailure">junit.framework.ComparisonFailure: El parametro de busqueda no es el esperado expected:&lt;[]Historia&gt; but was:&lt;[Libros de Ciencias Sociales ]Historia&gt;
	at junit.framework.Assert.assertEquals(Assert.java:100)
	at stepDefinition.testStep.el_Usuario_hace_clic_en_el_deplegable_y_visauliza_la_categoria_solicitada(testStep.java:108)
	at ✽.And El Usuario hace clic en el deplegable &quot;Historia&quot; y visauliza la categoria solicitada(./Features/FeatureTest01.feature:8)
</failure>
    <system-out>Libros de Ciencias Sociales Historia
</system-out>
  </testcase>
  <testcase classname="| homo1 | Libros | Historia |" name="| homo1 | Libros | Historia |" time="0">
    <failure message="El parametro de busqueda no es el esperado expected:&lt;[]Historia&gt; but was:&lt;[Libros de Ciencias Sociales ]Historia&gt;" type="junit.framework.ComparisonFailure">junit.framework.ComparisonFailure: El parametro de busqueda no es el esperado expected:&lt;[]Historia&gt; but was:&lt;[Libros de Ciencias Sociales ]Historia&gt;
	at junit.framework.Assert.assertEquals(Assert.java:100)
	at stepDefinition.testStep.el_Usuario_hace_clic_en_el_deplegable_y_visauliza_la_categoria_solicitada(testStep.java:108)
	at ✽.And El Usuario hace clic en el deplegable &quot;Historia&quot; y visauliza la categoria solicitada(./Features/FeatureTest01.feature:8)
</failure>
  </testcase>
  <testcase classname="| homo1 | Libros | Historia |" name="And El Usuario selecciona la ubicacion Capital Federal para filtar la busqueda por region" time="0.001">
    <skipped/>
  </testcase>
  <testcase classname="| homo1 | Libros | Historia |" name="And Finalmente el Usuario selecciona una publicacion y visualiza su detalle" time="0.001">
    <skipped/>
  </testcase>
</testsuite>